[ 2013-03-10T00:01:22+08:00 ] ERR: (ThinkException) 无法加载模块:login
[ 2013-03-10T00:01:25+08:00 ] 127.0.0.1 /kelly/admin.php
INFO: [ app_begin ] --START--
INFO: Run ReadHtmlCache Behavior [ RunTime:0.000595s ]
INFO: [ app_begin ] --END-- [ RunTime:0.000687s ]
SQL: SHOW COLUMNS FROM `kelly_banners` [ RunTime:0.002658s ]
SQL: SELECT * FROM `kelly_banners`  [ RunTime:0.000202s ]
INFO: [ view_template ] --START--
INFO: Run LocationTemplate Behavior [ RunTime:0.000818s ]
INFO: [ view_template ] --END-- [ RunTime:0.000913s ]
INFO: [ view_parse ] --START--
NOTIC: [8] Undefined variable: name E:\kelly\admin\Runtime\Cache\4c18d5952d0dbf1eedb8a1ec796fa788.php 第 3 行.
NOTIC: [8] Undefined variable: name E:\kelly\admin\Runtime\Cache\4c18d5952d0dbf1eedb8a1ec796fa788.php 第 6 行.
INFO: Run ParseTemplate Behavior [ RunTime:0.006027s ]
INFO: [ view_parse ] --END-- [ RunTime:0.006114s ]
INFO: [ view_filter ] --START--
INFO: Run ContentReplace Behavior [ RunTime:0.000506s ]
INFO: Run TokenBuild Behavior [ RunTime:0.000534s ]
INFO: Run WriteHtmlCache Behavior [ RunTime:0.000448s ]
INFO: Run ShowRuntime Behavior [ RunTime:0.000640s ]
INFO: [ view_filter ] --END-- [ RunTime:0.002380s ]
INFO: [ view_end ] --START--
INFO: Run ShowPageTrace Behavior [ RunTime:0.000743s ]
INFO: [ view_end ] --END-- [ RunTime:0.000817s ]

[ 2013-03-10T00:02:03+08:00 ] 127.0.0.1 /kelly/admin.php
INFO: [ app_begin ] --START--
INFO: Run ReadHtmlCache Behavior [ RunTime:0.000663s ]
INFO: [ app_begin ] --END-- [ RunTime:0.000765s ]
SQL: SHOW COLUMNS FROM `kelly_banners` [ RunTime:0.002555s ]
SQL: SELECT * FROM `kelly_banners`  [ RunTime:0.000222s ]
INFO: [ view_template ] --START--
INFO: Run LocationTemplate Behavior [ RunTime:0.000736s ]
INFO: [ view_template ] --END-- [ RunTime:0.000821s ]
INFO: [ view_parse ] --START--
NOTIC: [8] Undefined variable: name E:\kelly\admin\Runtime\Cache\4c18d5952d0dbf1eedb8a1ec796fa788.php 第 3 行.
NOTIC: [8] Undefined variable: name E:\kelly\admin\Runtime\Cache\4c18d5952d0dbf1eedb8a1ec796fa788.php 第 6 行.
INFO: Run ParseTemplate Behavior [ RunTime:0.005930s ]
INFO: [ view_parse ] --END-- [ RunTime:0.006049s ]
INFO: [ view_filter ] --START--
INFO: Run ContentReplace Behavior [ RunTime:0.000481s ]
INFO: Run TokenBuild Behavior [ RunTime:0.000497s ]
INFO: Run WriteHtmlCache Behavior [ RunTime:0.000388s ]
INFO: Run ShowRuntime Behavior [ RunTime:0.000569s ]
INFO: [ view_filter ] --END-- [ RunTime:0.002133s ]
INFO: [ view_end ] --START--
INFO: Run ShowPageTrace Behavior [ RunTime:0.000604s ]
INFO: [ view_end ] --END-- [ RunTime:0.000677s ]

[ 2013-03-10T00:02:19+08:00 ] 127.0.0.1 /kelly/admin.php
INFO: [ app_begin ] --START--
INFO: Run ReadHtmlCache Behavior [ RunTime:0.000622s ]
INFO: [ app_begin ] --END-- [ RunTime:0.000728s ]
SQL: SHOW COLUMNS FROM `kelly_banners` [ RunTime:0.002484s ]
SQL: SELECT * FROM `kelly_banners`  [ RunTime:0.000208s ]
INFO: [ view_template ] --START--
INFO: Run LocationTemplate Behavior [ RunTime:0.000787s ]
INFO: [ view_template ] --END-- [ RunTime:0.000879s ]
INFO: [ view_parse ] --START--
NOTIC: [8] Undefined variable: name E:\kelly\admin\Runtime\Cache\4c18d5952d0dbf1eedb8a1ec796fa788.php 第 3 行.
NOTIC: [8] Undefined variable: name E:\kelly\admin\Runtime\Cache\4c18d5952d0dbf1eedb8a1ec796fa788.php 第 6 行.
NOTIC: [8] Undefined index: id E:\kelly\admin\Runtime\Cache\4c18d5952d0dbf1eedb8a1ec796fa788.php 第 8 行.
NOTIC: [8] Undefined index: data E:\kelly\admin\Runtime\Cache\4c18d5952d0dbf1eedb8a1ec796fa788.php 第 8 行.
NOTIC: [8] Undefined index: id E:\kelly\admin\Runtime\Cache\4c18d5952d0dbf1eedb8a1ec796fa788.php 第 8 行.
NOTIC: [8] Undefined index: data E:\kelly\admin\Runtime\Cache\4c18d5952d0dbf1eedb8a1ec796fa788.php 第 8 行.
INFO: Run ParseTemplate Behavior [ RunTime:0.007023s ]
INFO: [ view_parse ] --END-- [ RunTime:0.007111s ]
INFO: [ view_filter ] --START--
INFO: Run ContentReplace Behavior [ RunTime:0.000521s ]
INFO: Run TokenBuild Behavior [ RunTime:0.000510s ]
INFO: Run WriteHtmlCache Behavior [ RunTime:0.000438s ]
INFO: Run ShowRuntime Behavior [ RunTime:0.000603s ]
INFO: [ view_filter ] --END-- [ RunTime:0.002292s ]
INFO: [ view_end ] --START--
INFO: Run ShowPageTrace Behavior [ RunTime:0.000686s ]
INFO: [ view_end ] --END-- [ RunTime:0.000782s ]

[ 2013-03-10T00:02:26+08:00 ] 127.0.0.1 /kelly/admin.php
INFO: [ app_begin ] --START--
INFO: Run ReadHtmlCache Behavior [ RunTime:0.000684s ]
INFO: [ app_begin ] --END-- [ RunTime:0.000793s ]
SQL: SHOW COLUMNS FROM `kelly_banners` [ RunTime:0.002702s ]
SQL: SELECT * FROM `kelly_banners`  [ RunTime:0.000254s ]
INFO: [ view_template ] --START--
INFO: Run LocationTemplate Behavior [ RunTime:0.000771s ]
INFO: [ view_template ] --END-- [ RunTime:0.000864s ]
INFO: [ view_parse ] --START--
NOTIC: [8] Undefined variable: name E:\kelly\admin\Runtime\Cache\4c18d5952d0dbf1eedb8a1ec796fa788.php 第 3 行.
NOTIC: [8] Undefined variable: name E:\kelly\admin\Runtime\Cache\4c18d5952d0dbf1eedb8a1ec796fa788.php 第 6 行.
NOTIC: [8] Undefined index: til E:\kelly\admin\Runtime\Cache\4c18d5952d0dbf1eedb8a1ec796fa788.php 第 8 行.
NOTIC: [8] Undefined index: data E:\kelly\admin\Runtime\Cache\4c18d5952d0dbf1eedb8a1ec796fa788.php 第 8 行.
NOTIC: [8] Undefined index: til E:\kelly\admin\Runtime\Cache\4c18d5952d0dbf1eedb8a1ec796fa788.php 第 8 行.
NOTIC: [8] Undefined index: data E:\kelly\admin\Runtime\Cache\4c18d5952d0dbf1eedb8a1ec796fa788.php 第 8 行.
INFO: Run ParseTemplate Behavior [ RunTime:0.007417s ]
INFO: [ view_parse ] --END-- [ RunTime:0.007509s ]
INFO: [ view_filter ] --START--
INFO: Run ContentReplace Behavior [ RunTime:0.000512s ]
INFO: Run TokenBuild Behavior [ RunTime:0.000570s ]
INFO: Run WriteHtmlCache Behavior [ RunTime:0.000419s ]
INFO: Run ShowRuntime Behavior [ RunTime:0.000606s ]
INFO: [ view_filter ] --END-- [ RunTime:0.002327s ]
INFO: [ view_end ] --START--
INFO: Run ShowPageTrace Behavior [ RunTime:0.000665s ]
INFO: [ view_end ] --END-- [ RunTime:0.000744s ]

[ 2013-03-10T00:02:37+08:00 ] 127.0.0.1 /kelly/admin.php
INFO: [ app_begin ] --START--
INFO: Run ReadHtmlCache Behavior [ RunTime:0.000645s ]
INFO: [ app_begin ] --END-- [ RunTime:0.000767s ]
SQL: SHOW COLUMNS FROM `kelly_banners` [ RunTime:0.002570s ]
SQL: SELECT * FROM `kelly_banners`  [ RunTime:0.000226s ]
INFO: [ view_template ] --START--
INFO: Run LocationTemplate Behavior [ RunTime:0.000753s ]
INFO: [ view_template ] --END-- [ RunTime:0.000853s ]
INFO: [ view_parse ] --START--
NOTIC: [8] Undefined variable: name E:\kelly\admin\Runtime\Cache\4c18d5952d0dbf1eedb8a1ec796fa788.php 第 3 行.
NOTIC: [8] Undefined variable: name E:\kelly\admin\Runtime\Cache\4c18d5952d0dbf1eedb8a1ec796fa788.php 第 6 行.
NOTIC: [8] Undefined index: data E:\kelly\admin\Runtime\Cache\4c18d5952d0dbf1eedb8a1ec796fa788.php 第 8 行.
NOTIC: [8] Undefined index: data E:\kelly\admin\Runtime\Cache\4c18d5952d0dbf1eedb8a1ec796fa788.php 第 8 行.
INFO: Run ParseTemplate Behavior [ RunTime:0.007327s ]
INFO: [ view_parse ] --END-- [ RunTime:0.007418s ]
INFO: [ view_filter ] --START--
INFO: Run ContentReplace Behavior [ RunTime:0.000507s ]
INFO: Run TokenBuild Behavior [ RunTime:0.000523s ]
INFO: Run WriteHtmlCache Behavior [ RunTime:0.000408s ]
INFO: Run ShowRuntime Behavior [ RunTime:0.000600s ]
INFO: [ view_filter ] --END-- [ RunTime:0.002257s ]
INFO: [ view_end ] --START--
INFO: Run ShowPageTrace Behavior [ RunTime:0.000637s ]
INFO: [ view_end ] --END-- [ RunTime:0.000716s ]

[ 2013-03-10T00:03:05+08:00 ] 127.0.0.1 /kelly/admin.php
INFO: [ app_begin ] --START--
INFO: Run ReadHtmlCache Behavior [ RunTime:0.000854s ]
INFO: [ app_begin ] --END-- [ RunTime:0.001026s ]
SQL: SHOW COLUMNS FROM `kelly_banners` [ RunTime:0.002548s ]
SQL: SELECT * FROM `kelly_banners`  [ RunTime:0.000261s ]
INFO: [ view_template ] --START--
INFO: Run LocationTemplate Behavior [ RunTime:0.000776s ]
INFO: [ view_template ] --END-- [ RunTime:0.000867s ]
INFO: [ view_parse ] --START--
INFO: Run ParseTemplate Behavior [ RunTime:0.007393s ]
INFO: [ view_parse ] --END-- [ RunTime:0.007502s ]
INFO: [ view_filter ] --START--
INFO: Run ContentReplace Behavior [ RunTime:0.000510s ]
INFO: Run TokenBuild Behavior [ RunTime:0.000526s ]
INFO: Run WriteHtmlCache Behavior [ RunTime:0.000415s ]
INFO: Run ShowRuntime Behavior [ RunTime:0.000613s ]
INFO: [ view_filter ] --END-- [ RunTime:0.002286s ]
INFO: [ view_end ] --START--
INFO: Run ShowPageTrace Behavior [ RunTime:0.000624s ]
INFO: [ view_end ] --END-- [ RunTime:0.000703s ]

[ 2013-03-10T00:06:07+08:00 ] ERR: (ThinkException) 无法加载模块:login
[ 2013-03-10T00:06:27+08:00 ] ERR: (ThinkException) 无法加载模块:login
[ 2013-03-10T00:06:27+08:00 ] ERR: (ThinkException) 无法加载模块:login
[ 2013-03-10T00:06:28+08:00 ] ERR: (ThinkException) 无法加载模块:login
[ 2013-03-10T00:06:28+08:00 ] ERR: (ThinkException) 无法加载模块:login
[ 2013-03-10T00:06:41+08:00 ] ERR: (ThinkException) 无法加载模块:index
[ 2013-03-10T00:06:45+08:00 ] ERR: (ThinkException) 无法加载模块:index
[ 2013-03-10T00:06:47+08:00 ] ERR: (ThinkException) 无法加载模块:index
[ 2013-03-10T00:07:21+08:00 ] ERR: (ThinkException) 无法加载模块:login
[ 2013-03-10T00:09:36+08:00 ] 127.0.0.1 /kelly/admin.php
INFO: [ app_begin ] --START--
INFO: Run ReadHtmlCache Behavior [ RunTime:0.000671s ]
INFO: [ app_begin ] --END-- [ RunTime:0.000788s ]
SQL: SHOW COLUMNS FROM `kelly_banners` [ RunTime:0.002940s ]
SQL: SELECT * FROM `kelly_banners`  [ RunTime:0.000202s ]
INFO: [ view_template ] --START--
INFO: Run LocationTemplate Behavior [ RunTime:0.000834s ]
INFO: [ view_template ] --END-- [ RunTime:0.000925s ]
INFO: [ view_parse ] --START--
INFO: Run ParseTemplate Behavior [ RunTime:0.006707s ]
INFO: [ view_parse ] --END-- [ RunTime:0.006802s ]
INFO: [ view_filter ] --START--
INFO: Run ContentReplace Behavior [ RunTime:0.000501s ]
INFO: Run TokenBuild Behavior [ RunTime:0.000514s ]
INFO: Run WriteHtmlCache Behavior [ RunTime:0.000409s ]
INFO: Run ShowRuntime Behavior [ RunTime:0.000634s ]
INFO: [ view_filter ] --END-- [ RunTime:0.002277s ]
INFO: [ view_end ] --START--
INFO: Run ShowPageTrace Behavior [ RunTime:0.000680s ]
INFO: [ view_end ] --END-- [ RunTime:0.000766s ]

[ 2013-03-10T00:09:42+08:00 ] ERR: (ThinkException) 无法加载模块:index
[ 2013-03-10T00:09:48+08:00 ] 127.0.0.1 /kelly/admin.php
INFO: [ app_begin ] --START--
INFO: Run ReadHtmlCache Behavior [ RunTime:0.000683s ]
INFO: [ app_begin ] --END-- [ RunTime:0.000797s ]
SQL: SHOW COLUMNS FROM `kelly_banners` [ RunTime:0.002395s ]
SQL: SELECT * FROM `kelly_banners`  [ RunTime:0.000197s ]
INFO: [ view_template ] --START--
INFO: Run LocationTemplate Behavior [ RunTime:0.000781s ]
INFO: [ view_template ] --END-- [ RunTime:0.000871s ]
INFO: [ view_parse ] --START--
INFO: Run ParseTemplate Behavior [ RunTime:0.006969s ]
INFO: [ view_parse ] --END-- [ RunTime:0.007068s ]
INFO: [ view_filter ] --START--
INFO: Run ContentReplace Behavior [ RunTime:0.000500s ]
INFO: Run TokenBuild Behavior [ RunTime:0.000512s ]
INFO: Run WriteHtmlCache Behavior [ RunTime:0.000403s ]
INFO: Run ShowRuntime Behavior [ RunTime:0.000610s ]
INFO: [ view_filter ] --END-- [ RunTime:0.002233s ]
INFO: [ view_end ] --START--
INFO: Run ShowPageTrace Behavior [ RunTime:0.000634s ]
INFO: [ view_end ] --END-- [ RunTime:0.000716s ]

[ 2013-03-10T00:10:33+08:00 ] 127.0.0.1 /kelly/admin.php
INFO: [ app_begin ] --START--
INFO: Run ReadHtmlCache Behavior [ RunTime:0.000660s ]
INFO: [ app_begin ] --END-- [ RunTime:0.000774s ]
SQL: SHOW COLUMNS FROM `kelly_banners` [ RunTime:0.002201s ]
SQL: SELECT * FROM `kelly_banners`  [ RunTime:0.000176s ]
INFO: [ view_template ] --START--
INFO: Run LocationTemplate Behavior [ RunTime:0.000784s ]
INFO: [ view_template ] --END-- [ RunTime:0.000873s ]
INFO: [ view_parse ] --START--
INFO: Run ParseTemplate Behavior [ RunTime:0.007391s ]
INFO: [ view_parse ] --END-- [ RunTime:0.007540s ]
INFO: [ view_filter ] --START--
INFO: Run ContentReplace Behavior [ RunTime:0.000508s ]
INFO: Run TokenBuild Behavior [ RunTime:0.000513s ]
INFO: Run WriteHtmlCache Behavior [ RunTime:0.000413s ]
INFO: Run ShowRuntime Behavior [ RunTime:0.000596s ]
INFO: [ view_filter ] --END-- [ RunTime:0.002243s ]
INFO: [ view_end ] --START--
INFO: Run ShowPageTrace Behavior [ RunTime:0.000649s ]
INFO: [ view_end ] --END-- [ RunTime:0.000738s ]

[ 2013-03-10T00:10:35+08:00 ] ERR: (ThinkException) 无法加载模块:test
[ 2013-03-10T00:11:18+08:00 ] ERR: (ThinkException) 无法加载模块:login
[ 2013-03-10T00:12:37+08:00 ] ERR: (ThinkException) 无法加载模块:login
[ 2013-03-10T00:12:38+08:00 ] ERR: (ThinkException) 无法加载模块:login
[ 2013-03-10T00:12:42+08:00 ] ERR: (ThinkException) 无法加载模块:login
[ 2013-03-10T00:12:43+08:00 ] ERR: (ThinkException) 无法加载模块:login
[ 2013-03-10T00:13:49+08:00 ] ERR: (ThinkException) 无法加载模块:login
[ 2013-03-10T00:13:49+08:00 ] ERR: (ThinkException) 无法加载模块:login
[ 2013-03-10T00:13:50+08:00 ] ERR: (ThinkException) 无法加载模块:login
[ 2013-03-10T00:13:50+08:00 ] ERR: (ThinkException) 无法加载模块:login
[ 2013-03-10T00:14:05+08:00 ] ERR: (ThinkException) 无法加载模块:login
[ 2013-03-10T00:15:43+08:00 ] ERR: (ThinkException) 无法加载模块:Login
[ 2013-03-10T00:15:52+08:00 ] ERR: (ThinkException) 无法加载模块:Login
[ 2013-03-10T00:15:52+08:00 ] ERR: (ThinkException) 无法加载模块:Login
[ 2013-03-10T00:16:02+08:00 ] ERR: (ThinkException) 无法加载模块:Login
[ 2013-03-10T00:16:03+08:00 ] ERR: (ThinkException) 无法加载模块:Login
[ 2013-03-10T00:16:03+08:00 ] ERR: (ThinkException) 无法加载模块:Login
[ 2013-03-10T00:16:09+08:00 ] 127.0.0.1 /kelly/admin.php/Index/Login
INFO: [ route_check ] --START--
INFO: Run CheckRoute Behavior [ RunTime:0.000722s ]
INFO: [ route_check ] --END-- [ RunTime:0.000830s ]
INFO: [ app_begin ] --START--
INFO: Run ReadHtmlCache Behavior [ RunTime:0.000561s ]
INFO: [ app_begin ] --END-- [ RunTime:0.000647s ]

[ 2013-03-10T00:17:05+08:00 ] 127.0.0.1 /kelly/admin.php/Index/Login
INFO: [ route_check ] --START--
INFO: Run CheckRoute Behavior [ RunTime:0.000761s ]
INFO: [ route_check ] --END-- [ RunTime:0.000872s ]
INFO: [ app_begin ] --START--
INFO: Run ReadHtmlCache Behavior [ RunTime:0.000573s ]
INFO: [ app_begin ] --END-- [ RunTime:0.000662s ]
INFO: [ view_template ] --START--
INFO: Run LocationTemplate Behavior [ RunTime:0.002067s ]
INFO: [ view_template ] --END-- [ RunTime:0.002169s ]
INFO: [ view_parse ] --START--
INFO: Run ParseTemplate Behavior [ RunTime:0.006215s ]
INFO: [ view_parse ] --END-- [ RunTime:0.006327s ]
INFO: [ view_filter ] --START--
INFO: Run ContentReplace Behavior [ RunTime:0.000518s ]
INFO: Run TokenBuild Behavior [ RunTime:0.000490s ]
INFO: Run WriteHtmlCache Behavior [ RunTime:0.000357s ]
INFO: Run ShowRuntime Behavior [ RunTime:0.000546s ]
INFO: [ view_filter ] --END-- [ RunTime:0.002133s ]
INFO: [ view_end ] --START--
INFO: Run ShowPageTrace Behavior [ RunTime:0.000588s ]
INFO: [ view_end ] --END-- [ RunTime:0.000671s ]

[ 2013-03-10T00:17:05+08:00 ] ERR: (ThinkException) 非法操作:css
[ 2013-03-10T00:17:05+08:00 ] ERR: (ThinkException) 非法操作:css
[ 2013-03-10T00:17:05+08:00 ] ERR: (ThinkException) 非法操作:images
[ 2013-03-10T00:17:06+08:00 ] 127.0.0.1 /kelly/admin.php/Index/Login
INFO: [ route_check ] --START--
INFO: Run CheckRoute Behavior [ RunTime:0.000688s ]
INFO: [ route_check ] --END-- [ RunTime:0.000788s ]
INFO: [ app_begin ] --START--
INFO: Run ReadHtmlCache Behavior [ RunTime:0.000601s ]
INFO: [ app_begin ] --END-- [ RunTime:0.000680s ]
INFO: [ view_template ] --START--
INFO: Run LocationTemplate Behavior [ RunTime:0.000625s ]
INFO: [ view_template ] --END-- [ RunTime:0.000728s ]
INFO: [ view_parse ] --START--
INFO: Run ParseTemplate Behavior [ RunTime:0.008509s ]
INFO: [ view_parse ] --END-- [ RunTime:0.008628s ]
INFO: [ view_filter ] --START--
INFO: Run ContentReplace Behavior [ RunTime:0.000523s ]
INFO: Run TokenBuild Behavior [ RunTime:0.000473s ]
INFO: Run WriteHtmlCache Behavior [ RunTime:0.000405s ]
INFO: Run ShowRuntime Behavior [ RunTime:0.000540s ]
INFO: [ view_filter ] --END-- [ RunTime:0.002168s ]
INFO: [ view_end ] --START--
INFO: Run ShowPageTrace Behavior [ RunTime:0.000629s ]
INFO: [ view_end ] --END-- [ RunTime:0.000702s ]

[ 2013-03-10T00:17:06+08:00 ] ERR: (ThinkException) 非法操作:css
[ 2013-03-10T00:17:06+08:00 ] ERR: (ThinkException) 非法操作:css
[ 2013-03-10T00:17:06+08:00 ] ERR: (ThinkException) 非法操作:images
