[ 2013-03-09T23:17:53+08:00 ] 127.0.0.1 /kelly/admin.php
INFO: [ app_begin ] --START--
INFO: Run ReadHtmlCache Behavior [ RunTime:0.000672s ]
INFO: [ app_begin ] --END-- [ RunTime:0.000767s ]
INFO: [ view_parse ] --START--
INFO: Run ParseTemplate Behavior [ RunTime:0.035223s ]
INFO: [ view_parse ] --END-- [ RunTime:0.035353s ]
INFO: [ view_filter ] --START--
INFO: Run ContentReplace Behavior [ RunTime:0.000817s ]
INFO: Run TokenBuild Behavior [ RunTime:0.000604s ]
INFO: Run WriteHtmlCache Behavior [ RunTime:0.000473s ]
INFO: Run ShowRuntime Behavior [ RunTime:0.000624s ]
INFO: [ view_filter ] --END-- [ RunTime:0.002753s ]
INFO: [ view_end ] --START--
INFO: Run ShowPageTrace Behavior [ RunTime:0.000667s ]
INFO: [ view_end ] --END-- [ RunTime:0.000740s ]

[ 2013-03-09T23:47:23+08:00 ] 127.0.0.1 /kelly/admin.php
INFO: [ app_begin ] --START--
INFO: Run ReadHtmlCache Behavior [ RunTime:0.001009s ]
INFO: [ app_begin ] --END-- [ RunTime:0.001152s ]

[ 2013-03-09T23:51:53+08:00 ] ERR: (ThinkException) 无法加载模块:login
[ 2013-03-09T23:52:11+08:00 ] ERR: (ThinkException) 无法加载模块:login
[ 2013-03-09T23:52:25+08:00 ] ERR: (ThinkException) 无法加载模块:index
[ 2013-03-09T23:52:28+08:00 ] ERR: (ThinkException) 无法加载模块:index
[ 2013-03-09T23:52:35+08:00 ] 127.0.0.1 /kelly/admin.php/
INFO: [ route_check ] --START--
INFO: Run CheckRoute Behavior [ RunTime:0.000913s ]
INFO: [ route_check ] --END-- [ RunTime:0.001035s ]
INFO: [ app_begin ] --START--
INFO: Run ReadHtmlCache Behavior [ RunTime:0.000764s ]
INFO: [ app_begin ] --END-- [ RunTime:0.000871s ]

[ 2013-03-09T23:52:44+08:00 ] ERR: (ThinkException) 无法加载模块:login
[ 2013-03-09T23:55:28+08:00 ] ERR: (ThinkException) 无法加载模块:login
[ 2013-03-09T23:55:30+08:00 ] 127.0.0.1 /kelly/admin.php
INFO: [ app_begin ] --START--
INFO: Run ReadHtmlCache Behavior [ RunTime:0.000702s ]
INFO: [ app_begin ] --END-- [ RunTime:0.000849s ]
INFO: [ view_template ] --START--
INFO: Run LocationTemplate Behavior [ RunTime:0.000770s ]
INFO: [ view_template ] --END-- [ RunTime:0.000867s ]
INFO: [ view_parse ] --START--
NOTIC: [8] Undefined variable: name E:\kelly\admin\Runtime\Cache\4c18d5952d0dbf1eedb8a1ec796fa788.php 第 3 行.
NOTIC: [8] Undefined variable: name E:\kelly\admin\Runtime\Cache\4c18d5952d0dbf1eedb8a1ec796fa788.php 第 6 行.
INFO: Run ParseTemplate Behavior [ RunTime:0.029614s ]
INFO: [ view_parse ] --END-- [ RunTime:0.029746s ]
INFO: [ view_filter ] --START--
INFO: Run ContentReplace Behavior [ RunTime:0.000679s ]
INFO: Run TokenBuild Behavior [ RunTime:0.000564s ]
INFO: Run WriteHtmlCache Behavior [ RunTime:0.000460s ]
INFO: Run ShowRuntime Behavior [ RunTime:0.000632s ]
INFO: [ view_filter ] --END-- [ RunTime:0.002553s ]
INFO: [ view_end ] --START--
INFO: Run ShowPageTrace Behavior [ RunTime:0.000679s ]
INFO: [ view_end ] --END-- [ RunTime:0.000753s ]

[ 2013-03-09T23:56:58+08:00 ] ERR: (ThinkException) 无法加载模块:login
