[ 2013-03-24T21:42:12+08:00 ] ERR: (ThinkException) 无法加载模块:gift
[ 2013-03-24T21:42:48+08:00 ] ERR: (ThinkException) 无法加载模块:gift
[ 2013-03-24T21:42:52+08:00 ] ERR: (ThinkException) Action:checkLogin您所请求的方法不存在！
[ 2013-03-24T22:46:21+08:00 ] ERR: (ThinkException) 非法操作:addBannerss
[ 2013-03-24T22:46:34+08:00 ] ERR: (ThinkException) 非法操作:addBannerss
[ 2013-03-24T22:46:40+08:00 ] ERR: (ThinkException) 模板不存在[./Admin/Tpl/Banner/addBanners.html]
[ 2013-03-24T22:47:16+08:00 ] ERR: (ThinkException) 模板不存在[./Admin/Tpl/Banner/addBanners.html]
[ 2013-03-24T23:39:54+08:00 ] ERR: (ThinkException) 无法加载模块:admin
[ 2013-03-24T23:40:23+08:00 ] ERR: (ThinkException) 无法加载模块:admin
[ 2013-03-24T23:40:38+08:00 ] ERR: (ThinkException) 无法加载模块:admin
[ 2013-03-24T23:40:39+08:00 ] ERR: (ThinkException) 无法加载模块:admin
[ 2013-03-24T23:40:42+08:00 ] ERR: (ThinkException) 无法加载模块:admin
[ 2013-03-24T23:43:10+08:00 ] ERR: (ThinkException) 无法加载模块:admin
[ 2013-03-24T23:43:10+08:00 ] ERR: (ThinkException) 无法加载模块:admin
[ 2013-03-24T23:43:11+08:00 ] ERR: (ThinkException) 无法加载模块:admin
[ 2013-03-24T23:43:11+08:00 ] ERR: (ThinkException) 无法加载模块:admin
[ 2013-03-24T23:43:11+08:00 ] ERR: (ThinkException) 无法加载模块:admin
[ 2013-03-24T23:43:11+08:00 ] ERR: (ThinkException) 无法加载模块:admin
[ 2013-03-24T23:43:12+08:00 ] ERR: (ThinkException) 无法加载模块:admin
[ 2013-03-24T23:43:50+08:00 ] ERR: (ThinkException) 无法加载模块:admin
[ 2013-03-24T23:46:15+08:00 ] ERR: (ThinkException) 无法加载模块:admin
[ 2013-03-24T23:46:16+08:00 ] ERR: (ThinkException) 无法加载模块:admin
[ 2013-03-24T23:46:16+08:00 ] ERR: (ThinkException) 无法加载模块:admin
[ 2013-03-24T23:46:17+08:00 ] ERR: (ThinkException) 无法加载模块:admin
[ 2013-03-24T23:46:54+08:00 ] ERR: (ThinkException) 无法加载模块:admin
[ 2013-03-24T23:46:55+08:00 ] ERR: (ThinkException) 无法加载模块:admin
[ 2013-03-24T23:46:55+08:00 ] ERR: (ThinkException) 无法加载模块:admin
[ 2013-03-24T23:47:00+08:00 ] ERR: (ThinkException) 无法加载模块:admin
[ 2013-03-24T23:47:00+08:00 ] ERR: (ThinkException) 无法加载模块:admin
[ 2013-03-24T23:47:01+08:00 ] ERR: (ThinkException) 无法加载模块:admin
[ 2013-03-24T23:47:01+08:00 ] ERR: (ThinkException) 无法加载模块:admin
[ 2013-03-24T23:47:03+08:00 ] ERR: (ThinkException) 无法加载模块:admin
[ 2013-03-24T23:47:37+08:00 ] ERR: (ThinkException) 无法加载模块:news
[ 2013-03-24T23:47:40+08:00 ] ERR: (ThinkException) 无法加载模块:news
[ 2013-03-24T23:48:23+08:00 ] ERR: (ThinkException) 无法加载模块:admin
[ 2013-03-24T23:49:01+08:00 ] ERR: (ThinkException) 无法加载模块:Work
[ 2013-03-24T23:49:42+08:00 ] ERR: (ThinkException) 无法加载模块:Work
[ 2013-03-24T23:49:45+08:00 ] ERR: (ThinkException) 无法加载模块:Work
[ 2013-03-24T23:51:06+08:00 ] ERR: (ThinkException) 无法加载模块:news
[ 2013-03-24T23:51:36+08:00 ] ERR: (ThinkException) 无法加载模块:news
