[ 2013-02-28T17:13:03+08:00 ] ERR: (ThinkException) 模板不存在[./App/Tpl/Index/index.tpl]
[ 2013-02-28T17:21:17+08:00 ] ERR: (ThinkException) 模板不存在[./App/Tpl/Index/index.tpl]
[ 2013-02-28T17:29:20+08:00 ] ERR: (ThinkException) 无法加载模块:about
[ 2013-02-28T17:29:22+08:00 ] ERR: (ThinkException) 无法加载模块:about
[ 2013-02-28T17:29:34+08:00 ] ERR: (ThinkException) 非法操作:Public
[ 2013-02-28T17:29:34+08:00 ] ERR: (ThinkException) 非法操作:Public
[ 2013-02-28T17:29:34+08:00 ] ERR: (ThinkException) 非法操作:Public
[ 2013-02-28T17:29:34+08:00 ] ERR: (ThinkException) 非法操作:Public
[ 2013-02-28T17:29:34+08:00 ] ERR: (ThinkException) 非法操作:Public
[ 2013-02-28T17:29:34+08:00 ] ERR: (ThinkException) 非法操作:Public
[ 2013-02-28T17:29:34+08:00 ] ERR: (ThinkException) 非法操作:Public
[ 2013-02-28T17:30:06+08:00 ] ERR: (ThinkException) 非法操作:Public
[ 2013-02-28T17:30:06+08:00 ] ERR: (ThinkException) 非法操作:Public
[ 2013-02-28T17:30:06+08:00 ] ERR: (ThinkException) 非法操作:Public
[ 2013-02-28T17:30:07+08:00 ] ERR: (ThinkException) 非法操作:Public
[ 2013-02-28T17:30:07+08:00 ] ERR: (ThinkException) 非法操作:Public
[ 2013-02-28T17:30:39+08:00 ] ERR: (ThinkException) 非法操作:Public
[ 2013-02-28T17:30:39+08:00 ] ERR: (ThinkException) 非法操作:Public
[ 2013-02-28T17:30:39+08:00 ] ERR: (ThinkException) 非法操作:Public
[ 2013-02-28T17:30:39+08:00 ] ERR: (ThinkException) 非法操作:Public
[ 2013-02-28T17:30:39+08:00 ] ERR: (ThinkException) 非法操作:Public
[ 2013-02-28T17:30:41+08:00 ] ERR: (ThinkException) 无法加载模块:about
[ 2013-02-28T17:30:44+08:00 ] ERR: (ThinkException) 无法加载模块:about
[ 2013-02-28T17:30:49+08:00 ] ERR: (ThinkException) 无法加载模块:Public
[ 2013-02-28T17:30:49+08:00 ] ERR: (ThinkException) 无法加载模块:Public
[ 2013-02-28T17:30:49+08:00 ] ERR: (ThinkException) 无法加载模块:Public
[ 2013-02-28T17:30:49+08:00 ] ERR: (ThinkException) 无法加载模块:Public
[ 2013-02-28T17:30:49+08:00 ] ERR: (ThinkException) 无法加载模块:Public
[ 2013-02-28T17:30:49+08:00 ] ERR: (ThinkException) 无法加载模块:Public
[ 2013-02-28T17:30:49+08:00 ] ERR: (ThinkException) 无法加载模块:Public
[ 2013-02-28T17:30:49+08:00 ] ERR: (ThinkException) 无法加载模块:Public
[ 2013-02-28T17:30:49+08:00 ] ERR: (ThinkException) 无法加载模块:Public
[ 2013-02-28T17:30:49+08:00 ] ERR: (ThinkException) 无法加载模块:Public
[ 2013-02-28T17:30:49+08:00 ] ERR: (ThinkException) 无法加载模块:Public
[ 2013-02-28T17:30:49+08:00 ] ERR: (ThinkException) 无法加载模块:Public
[ 2013-02-28T17:31:05+08:00 ] ERR: (ThinkException) 非法操作:Public
[ 2013-02-28T17:31:05+08:00 ] ERR: (ThinkException) 非法操作:Public
[ 2013-02-28T17:31:05+08:00 ] ERR: (ThinkException) 非法操作:Public
[ 2013-02-28T17:31:05+08:00 ] ERR: (ThinkException) 非法操作:Public
[ 2013-02-28T17:31:05+08:00 ] ERR: (ThinkException) 非法操作:Public
[ 2013-02-28T17:31:05+08:00 ] ERR: (ThinkException) 非法操作:Public
[ 2013-02-28T17:31:05+08:00 ] ERR: (ThinkException) 非法操作:Public
[ 2013-02-28T17:31:05+08:00 ] ERR: (ThinkException) 非法操作:Public
[ 2013-02-28T17:31:41+08:00 ] ERR: (ThinkException) 非法操作:Public
[ 2013-02-28T17:31:41+08:00 ] ERR: (ThinkException) 非法操作:Public
[ 2013-02-28T17:31:41+08:00 ] ERR: (ThinkException) 非法操作:Public
[ 2013-02-28T17:31:41+08:00 ] ERR: (ThinkException) 非法操作:Public
[ 2013-02-28T17:31:41+08:00 ] ERR: (ThinkException) 非法操作:Public
[ 2013-02-28T17:31:41+08:00 ] ERR: (ThinkException) 非法操作:Public
[ 2013-02-28T17:31:41+08:00 ] ERR: (ThinkException) 非法操作:Public
[ 2013-02-28T17:31:41+08:00 ] ERR: (ThinkException) 非法操作:Public
[ 2013-02-28T17:31:43+08:00 ] ERR: (ThinkException) 非法操作:Public
[ 2013-02-28T17:31:43+08:00 ] ERR: (ThinkException) 非法操作:Public
[ 2013-02-28T17:31:43+08:00 ] ERR: (ThinkException) 非法操作:Public
[ 2013-02-28T17:31:43+08:00 ] ERR: (ThinkException) 非法操作:Public
[ 2013-02-28T17:31:43+08:00 ] ERR: (ThinkException) 非法操作:Public
[ 2013-02-28T17:31:43+08:00 ] ERR: (ThinkException) 非法操作:Public
[ 2013-02-28T17:31:43+08:00 ] ERR: (ThinkException) 非法操作:Public
[ 2013-02-28T17:31:43+08:00 ] ERR: (ThinkException) 非法操作:Public
[ 2013-02-28T17:31:43+08:00 ] ERR: (ThinkException) 非法操作:Public
[ 2013-02-28T17:31:43+08:00 ] ERR: (ThinkException) 非法操作:Public
[ 2013-02-28T17:31:43+08:00 ] ERR: (ThinkException) 非法操作:Public
[ 2013-02-28T17:31:43+08:00 ] ERR: (ThinkException) 非法操作:Public
[ 2013-02-28T17:33:04+08:00 ] ERR: (ThinkException) 非法操作:Public
[ 2013-02-28T17:33:04+08:00 ] ERR: (ThinkException) 非法操作:Public
[ 2013-02-28T17:33:04+08:00 ] ERR: (ThinkException) 非法操作:Public
[ 2013-02-28T17:33:10+08:00 ] ERR: (ThinkException) 非法操作:Public
[ 2013-02-28T17:34:29+08:00 ] ERR: (ThinkException) 非法操作:Public
[ 2013-02-28T17:34:29+08:00 ] ERR: (ThinkException) 非法操作:Public
[ 2013-02-28T17:34:29+08:00 ] ERR: (ThinkException) 非法操作:Public
[ 2013-02-28T17:34:29+08:00 ] ERR: (ThinkException) 非法操作:Public
[ 2013-02-28T17:34:29+08:00 ] ERR: (ThinkException) 非法操作:Public
[ 2013-02-28T17:34:29+08:00 ] ERR: (ThinkException) 非法操作:Public
[ 2013-02-28T17:34:29+08:00 ] ERR: (ThinkException) 非法操作:Public
[ 2013-02-28T17:34:29+08:00 ] ERR: (ThinkException) 非法操作:Public
[ 2013-02-28T17:34:29+08:00 ] ERR: (ThinkException) 非法操作:Public
[ 2013-02-28T17:34:29+08:00 ] ERR: (ThinkException) 非法操作:Public
[ 2013-02-28T17:34:44+08:00 ] ERR: (ThinkException) 非法操作:Public
[ 2013-02-28T17:34:50+08:00 ] ERR: (ThinkException) 非法操作:Public
[ 2013-02-28T17:35:28+08:00 ] ERR: (ThinkException) 非法操作:Public
[ 2013-02-28T17:35:28+08:00 ] ERR: (ThinkException) 非法操作:Public
[ 2013-02-28T17:35:28+08:00 ] ERR: (ThinkException) 非法操作:Public
[ 2013-02-28T17:35:28+08:00 ] ERR: (ThinkException) 非法操作:Public
[ 2013-02-28T17:35:28+08:00 ] ERR: (ThinkException) 非法操作:Public
[ 2013-02-28T17:35:28+08:00 ] ERR: (ThinkException) 非法操作:Public
[ 2013-02-28T17:35:28+08:00 ] ERR: (ThinkException) 非法操作:Public
[ 2013-02-28T17:35:29+08:00 ] ERR: (ThinkException) 非法操作:Public
[ 2013-02-28T17:36:25+08:00 ] ERR: (ThinkException) 非法操作:Public
[ 2013-02-28T17:36:25+08:00 ] ERR: (ThinkException) 非法操作:Public
[ 2013-02-28T17:36:25+08:00 ] ERR: (ThinkException) 非法操作:Public
[ 2013-02-28T17:36:25+08:00 ] ERR: (ThinkException) 非法操作:Public
[ 2013-02-28T17:36:25+08:00 ] ERR: (ThinkException) 非法操作:Public
[ 2013-02-28T17:36:43+08:00 ] ERR: (ThinkException) 非法操作:Public
[ 2013-02-28T17:36:44+08:00 ] ERR: (ThinkException) 非法操作:Public
[ 2013-02-28T17:36:44+08:00 ] ERR: (ThinkException) 非法操作:Public
[ 2013-02-28T17:36:57+08:00 ] ERR: (ThinkException) 非法操作:Public
[ 2013-02-28T17:37:17+08:00 ] ERR: (ThinkException) 非法操作:Public
[ 2013-02-28T17:37:34+08:00 ] ERR: (ThinkException) 非法操作:public
[ 2013-02-28T17:37:34+08:00 ] ERR: (ThinkException) 非法操作:public
[ 2013-02-28T17:38:09+08:00 ] ERR: (ThinkException) 非法操作:public
[ 2013-02-28T17:38:09+08:00 ] ERR: (ThinkException) 非法操作:public
[ 2013-02-28T17:38:30+08:00 ] ERR: (ThinkException) 无法加载模块:public
[ 2013-02-28T17:38:30+08:00 ] ERR: (ThinkException) 无法加载模块:public
[ 2013-02-28T17:39:48+08:00 ] ERR: (ThinkException) 无法加载模块:public
[ 2013-02-28T17:40:14+08:00 ] ERR: (ThinkException) 无法加载模块:public
[ 2013-02-28T17:40:25+08:00 ] ERR: (ThinkException) 无法加载模块:public
[ 2013-02-28T17:40:25+08:00 ] ERR: (ThinkException) 无法加载模块:jquery.carouFredSel-6.2.0-packed
[ 2013-02-28T17:40:40+08:00 ] ERR: (ThinkException) 无法加载模块:public
[ 2013-02-28T17:40:40+08:00 ] ERR: (ThinkException) 无法加载模块:js
[ 2013-02-28T17:40:49+08:00 ] ERR: (ThinkException) 无法加载模块:public
[ 2013-02-28T17:40:49+08:00 ] ERR: (ThinkException) 非法操作:jquery.carouFredSel-6.2.0-packed
[ 2013-02-28T17:41:07+08:00 ] ERR: (ThinkException) 无法加载模块:public
[ 2013-02-28T17:41:07+08:00 ] ERR: (ThinkException) 非法操作:jquery.carouFredSel-6.2.0-packed
[ 2013-02-28T17:41:19+08:00 ] ERR: (ThinkException) 无法加载模块:public
[ 2013-02-28T17:41:19+08:00 ] ERR: (ThinkException) 非法操作:js
[ 2013-02-28T17:41:32+08:00 ] ERR: (ThinkException) 无法加载模块:public
[ 2013-02-28T17:41:33+08:00 ] ERR: (ThinkException) 无法加载模块:js
[ 2013-02-28T17:42:44+08:00 ] ERR: (ThinkException) 无法加载模块:public
[ 2013-02-28T17:42:44+08:00 ] ERR: (ThinkException) 无法加载模块:js
[ 2013-02-28T17:43:07+08:00 ] ERR: (ThinkException) 无法加载模块:public
[ 2013-02-28T17:43:07+08:00 ] ERR: (ThinkException) 无法加载模块:public
[ 2013-02-28T17:43:28+08:00 ] ERR: (ThinkException) 无法加载模块:js
[ 2013-02-28T17:43:28+08:00 ] ERR: (ThinkException) 无法加载模块:js
[ 2013-02-28T17:43:37+08:00 ] ERR: (ThinkException) 无法加载模块:jquery.min
[ 2013-02-28T17:43:37+08:00 ] ERR: (ThinkException) 无法加载模块:js
[ 2013-02-28T17:43:49+08:00 ] ERR: (ThinkException) 无法加载模块:jquery.min
[ 2013-02-28T17:43:49+08:00 ] ERR: (ThinkException) 无法加载模块:js
[ 2013-02-28T17:44:32+08:00 ] ERR: (ThinkException) 无法加载模块:js
[ 2013-02-28T17:44:32+08:00 ] ERR: (ThinkException) 无法加载模块:js
[ 2013-02-28T17:44:49+08:00 ] ERR: (ThinkException) 无法加载模块:js
[ 2013-02-28T17:45:42+08:00 ] ERR: (ThinkException) 非法操作:jquery.min
[ 2013-02-28T17:45:42+08:00 ] ERR: (ThinkException) 无法加载模块:js
[ 2013-02-28T17:47:22+08:00 ] ERR: (ThinkException) 非法操作:index.php
[ 2013-02-28T17:48:02+08:00 ] ERR: (ThinkException) 非法操作:index.php
